app/build/intermediates/manifest_merge_blame_file/release/manifest-merger-blame-release-report.txt
1<?xml version="1.0" encoding="utf-8"?>
2<manifest xmlns:android="http://schemas.android.com/apk/res/android"
3    package="com.diamon.helicoptero"
4    android:versionCode="1"
5    android:versionName="1.0" >
6
7    <uses-sdk
8        android:minSdkVersion="14"
8-->Helicoptero\android\AndroidManifest.xml
9        android:targetSdkVersion="31" />
9-->Helicoptero\android\AndroidManifest.xml
10
11    <uses-permission android:name="android.permission.WAKE_LOCK" />
11-->Helicoptero\android\AndroidManifest.xml:5:5-68
11-->Helicoptero\android\AndroidManifest.xml:5:22-65
12    <uses-permission android:name="android.permission.WRITE_EXTERNAL_STORAGE" />
12-->Helicoptero\android\AndroidManifest.xml:6:5-81
12-->Helicoptero\android\AndroidManifest.xml:6:22-78
13    <uses-permission android:name="android.permission.INTERNET" />
13-->Helicoptero\android\AndroidManifest.xml:7:5-67
13-->Helicoptero\android\AndroidManifest.xml:7:22-64
14    <uses-permission android:name="android.permission.ACCESS_COARSE_LOCATION" />
14-->Helicoptero\android\AndroidManifest.xml:8:2-78
14-->Helicoptero\android\AndroidManifest.xml:8:19-75
15    <uses-permission android:name="android.permission.ACCESS_FINE_LOCATION" />
15-->Helicoptero\android\AndroidManifest.xml:9:5-79
15-->Helicoptero\android\AndroidManifest.xml:9:22-76
16    <uses-permission android:name="android.permission.ACCESS_WIFI_STATE" />
16-->Helicoptero\android\AndroidManifest.xml:10:5-76
16-->Helicoptero\android\AndroidManifest.xml:10:22-73
17    <uses-permission android:name="android.permission.ACCESS_NETWORK_STATE" />
17-->Helicoptero\android\AndroidManifest.xml:11:5-79
17-->Helicoptero\android\AndroidManifest.xml:11:22-76
18    <uses-permission android:name="android.permission.RECEIVE_BOOT_COMPLETED" />
18-->Helicoptero\android\AndroidManifest.xml:12:5-81
18-->Helicoptero\android\AndroidManifest.xml:12:22-78
19    <uses-permission android:name="android.permission.BLUETOOTH" />
19-->Helicoptero\android\AndroidManifest.xml:13:5-68
19-->Helicoptero\android\AndroidManifest.xml:13:22-65
20    <uses-permission android:name="android.permission.Ad_ID" />
20-->Helicoptero\android\AndroidManifest.xml:14:5-64
20-->Helicoptero\android\AndroidManifest.xml:14:22-61
21    <uses-permission android:name="com.google.android.finsky.permission.BIND_GET_INSTALL_REFERRER_SERVICE" />
21-->[com.startapp:inapp-sdk:4.8.11] AndroidManifest.xml:15:5-110
21-->[com.startapp:inapp-sdk:4.8.11] AndroidManifest.xml:15:22-107
22
23    <queries>
23-->[com.startapp:inapp-sdk:4.8.11] AndroidManifest.xml:17:5-21:15
24        <intent>
24-->[com.startapp:inapp-sdk:4.8.11] AndroidManifest.xml:18:9-20:18
25            <action android:name="android.intent.action.MAIN" />
25-->Helicoptero\android\AndroidManifest.xml:49:17-69
25-->Helicoptero\android\AndroidManifest.xml:49:25-66
26        </intent>
27    </queries>
28
29    <application
29-->Helicoptero\android\AndroidManifest.xml:17:5-71:19
30        android:allowBackup="true"
30-->Helicoptero\android\AndroidManifest.xml:18:9-35
31        android:appCategory="game"
31-->Helicoptero\android\AndroidManifest.xml:21:9-35
32        android:icon="@drawable/ic_launcher"
32-->Helicoptero\android\AndroidManifest.xml:19:9-45
33        android:isGame="true"
33-->Helicoptero\android\AndroidManifest.xml:20:9-30
34        android:label="@string/app_name"
34-->Helicoptero\android\AndroidManifest.xml:22:9-41
35        android:theme="@style/GdxTheme" >
35-->Helicoptero\android\AndroidManifest.xml:23:9-40
36        <meta-data
36-->Helicoptero\android\AndroidManifest.xml:26:4-28:41
37            android:name="com.startapp.sdk.APPLICATION_ID"
37-->Helicoptero\android\AndroidManifest.xml:27:13-59
38            android:value="203801004" />
38-->Helicoptero\android\AndroidManifest.xml:28:13-38
39        <meta-data
39-->Helicoptero\android\AndroidManifest.xml:30:3-32:38
40            android:name="com.startapp.sdk.RETURN_ADS_ENABLED"
40-->Helicoptero\android\AndroidManifest.xml:31:14-64
41            android:value="false" />
41-->Helicoptero\android\AndroidManifest.xml:32:14-35
42
43        <activity
43-->Helicoptero\android\AndroidManifest.xml:41:9-55:20
44            android:name="com.diamon.helicoptero.AndroidLauncher"
44-->Helicoptero\android\AndroidManifest.xml:42:13-66
45            android:configChanges="keyboard|keyboardHidden|navigation|orientation|screenSize|screenLayout"
45-->Helicoptero\android\AndroidManifest.xml:45:13-107
46            android:label="@string/app_name"
46-->Helicoptero\android\AndroidManifest.xml:43:13-45
47            android:screenOrientation="landscape" >
47-->Helicoptero\android\AndroidManifest.xml:44:13-50
48            <intent-filter>
48-->Helicoptero\android\AndroidManifest.xml:48:13-51:29
49                <action android:name="android.intent.action.MAIN" />
49-->Helicoptero\android\AndroidManifest.xml:49:17-69
49-->Helicoptero\android\AndroidManifest.xml:49:25-66
50
51                <category android:name="android.intent.category.LAUNCHER" />
51-->Helicoptero\android\AndroidManifest.xml:50:17-77
51-->Helicoptero\android\AndroidManifest.xml:50:27-74
52            </intent-filter>
53        </activity>
54
55        <provider
56            android:name="com.startapp.sdk.adsbase.StartAppInitProvider"
56-->Helicoptero\android\AndroidManifest.xml:58:17-77
57            android:authorities="com.diamon.helicoptero.startappinitprovider"
57-->Helicoptero\android\AndroidManifest.xml:58:78-137
58            android:exported="false" />
58-->Helicoptero\android\AndroidManifest.xml:58:138-162
59
60        <activity
60-->Helicoptero\android\AndroidManifest.xml:59:4-203
61            android:name="com.startapp.sdk.adsbase.consent.ConsentActivity"
61-->Helicoptero\android\AndroidManifest.xml:59:14-77
62            android:configChanges="orientation|screenSize|screenLayout|keyboardHidden"
62-->Helicoptero\android\AndroidManifest.xml:59:78-152
63            android:theme="@android:style/Theme.Translucent" />
63-->Helicoptero\android\AndroidManifest.xml:59:153-201
64        <activity
64-->Helicoptero\android\AndroidManifest.xml:60:4-110
65            android:name="com.startapp.sdk.ads.list3d.List3DActivity"
65-->Helicoptero\android\AndroidManifest.xml:60:14-71
66            android:theme="@android:style/Theme" />
66-->Helicoptero\android\AndroidManifest.xml:60:72-108
67        <activity
67-->Helicoptero\android\AndroidManifest.xml:61:4-206
68            android:name="com.startapp.sdk.adsbase.activities.OverlayActivity"
68-->Helicoptero\android\AndroidManifest.xml:61:14-80
69            android:configChanges="orientation|screenSize|screenLayout|keyboardHidden"
69-->Helicoptero\android\AndroidManifest.xml:61:81-155
70            android:theme="@android:style/Theme.Translucent" />
70-->Helicoptero\android\AndroidManifest.xml:61:156-204
71        <activity
71-->Helicoptero\android\AndroidManifest.xml:62:4-197
72            android:name="com.startapp.sdk.adsbase.activities.FullScreenActivity"
72-->Helicoptero\android\AndroidManifest.xml:62:14-83
73            android:configChanges="orientation|screenSize|screenLayout|keyboardHidden"
73-->Helicoptero\android\AndroidManifest.xml:62:84-158
74            android:theme="@android:style/Theme" />
74-->Helicoptero\android\AndroidManifest.xml:62:159-195
75
76        <service android:name="com.startapp.sdk.adsbase.InfoEventService" />
76-->Helicoptero\android\AndroidManifest.xml:63:4-72
76-->Helicoptero\android\AndroidManifest.xml:63:13-69
77        <service
77-->Helicoptero\android\AndroidManifest.xml:64:4-131
78            android:name="com.startapp.sdk.adsbase.PeriodicJobService"
78-->Helicoptero\android\AndroidManifest.xml:64:13-71
79            android:permission="android.permission.BIND_JOB_SERVICE" />
79-->Helicoptero\android\AndroidManifest.xml:64:72-128
80
81        <receiver
81-->Helicoptero\android\AndroidManifest.xml:65:4-69:15
82            android:name="com.startapp.sdk.adsbase.remoteconfig.BootCompleteListener"
82-->Helicoptero\android\AndroidManifest.xml:65:14-87
83            android:exported="true" >
83-->[com.startapp:inapp-sdk:4.8.11] AndroidManifest.xml:48:13-36
84            <intent-filter>
84-->Helicoptero\android\AndroidManifest.xml:66:4-68:20
85                <action android:name="android.intent.action.BOOT_COMPLETED" />
85-->Helicoptero\android\AndroidManifest.xml:67:4-65
85-->Helicoptero\android\AndroidManifest.xml:67:12-63
86            </intent-filter>
87        </receiver>
88
89        <activity
89-->[com.startapp:inapp-sdk:4.8.11] AndroidManifest.xml:36:9-39:64
90            android:name="com.startapp.sdk.ads.interstitials.OverlayActivity"
90-->[com.startapp:inapp-sdk:4.8.11] AndroidManifest.xml:37:13-78
91            android:configChanges="orientation|screenSize|screenLayout|keyboardHidden"
91-->[com.startapp:inapp-sdk:4.8.11] AndroidManifest.xml:38:13-87
92            android:theme="@android:style/Theme.Translucent" />
92-->[com.startapp:inapp-sdk:4.8.11] AndroidManifest.xml:39:13-61
93
94        <service android:name="com.startapp.sdk.cachedservice.BackgroundService" />
94-->[com.startapp:inapp-sdk:4.8.11] AndroidManifest.xml:41:9-84
94-->[com.startapp:inapp-sdk:4.8.11] AndroidManifest.xml:41:18-81
95        <service
95-->[com.startapp:inapp-sdk:4.8.11] AndroidManifest.xml:42:9-44:72
96            android:name="com.startapp.sdk.jobs.SchedulerService"
96-->[com.startapp:inapp-sdk:4.8.11] AndroidManifest.xml:43:13-66
97            android:permission="android.permission.BIND_JOB_SERVICE" />
97-->[com.startapp:inapp-sdk:4.8.11] AndroidManifest.xml:44:13-69
98    </application>
99
100</manifest>